<?xml version="1.0" encoding="UTF-8"?>
<testng-results skipped="0" failed="0" total="9" passed="9">
  <reporter-output>
  </reporter-output>
  <suite name="Command line suite" duration-ms="1020" started-at="2018-04-03T17:44:59Z" finished-at="2018-04-03T17:45:00Z">
    <groups>
    </groups>
    <test name="Command line test" duration-ms="1020" started-at="2018-04-03T17:44:59Z" finished-at="2018-04-03T17:45:00Z">
      <class name="com.SeleniumHybrid.TestDataDrivenScript2">
        <test-method status="PASS" signature="beforeMethod(java.lang.reflect.Method)[pri:0, instance:com.SeleniumHybrid.TestDataDrivenScript2@19a3314]" name="beforeMethod" is-config="true" duration-ms="8" started-at="2018-04-03T23:15:00Z" finished-at="2018-04-03T23:15:00Z">
          <params>
            <param index="0">
              <value>
                <![CDATA[public void com.SeleniumHybrid.TestDataDrivenScript2.testLogin(java.lang.String,java.lang.String,java.lang.String,java.lang.String,java.lang.String,java.lang.String)]]>
              </value>
            </param>
          </params>
          <reporter-output>
          </reporter-output>
        </test-method> <!-- beforeMethod -->
        <test-method status="PASS" signature="testLogin(java.lang.String, java.lang.String, java.lang.String, java.lang.String, java.lang.String, java.lang.String)[pri:0, instance:com.SeleniumHybrid.TestDataDrivenScript2@19a3314]" name="testLogin" duration-ms="1" started-at="2018-04-03T23:15:00Z" data-provider="testData" finished-at="2018-04-03T23:15:00Z">
          <params>
            <param index="0">
              <value>
                <![CDATA[A]]>
              </value>
            </param>
            <param index="1">
              <value>
                <![CDATA[B]]>
              </value>
            </param>
            <param index="2">
              <value>
                <![CDATA[C]]>
              </value>
            </param>
            <param index="3">
              <value>
                <![CDATA[D]]>
              </value>
            </param>
            <param index="4">
              <value>
                <![CDATA[E]]>
              </value>
            </param>
            <param index="5">
              <value>
                <![CDATA[F]]>
              </value>
            </param>
          </params>
          <reporter-output>
          </reporter-output>
        </test-method> <!-- testLogin -->
        <test-method status="PASS" signature="afterMethod(org.testng.ITestResult)[pri:0, instance:com.SeleniumHybrid.TestDataDrivenScript2@19a3314]" name="afterMethod" is-config="true" duration-ms="0" started-at="2018-04-03T23:15:00Z" finished-at="2018-04-03T23:15:00Z">
          <params>
            <param index="0">
              <value>
                <![CDATA[[TestResult name=testLogin status=SUCCESS method=TestDataDrivenScript2.testLogin(java.lang.String, java.lang.String, java.lang.String, java.lang.String, java.lang.String, java.lang.String)[pri:0, instance:com.SeleniumHybrid.TestDataDrivenScript2@19a3314] output={null}]]]>
              </value>
            </param>
          </params>
          <reporter-output>
          </reporter-output>
        </test-method> <!-- afterMethod -->
        <test-method status="PASS" signature="afterMethod(org.testng.ITestResult)[pri:0, instance:com.SeleniumHybrid.TestDataDrivenScript2@19a3314]" name="afterMethod" is-config="true" duration-ms="0" started-at="2018-04-03T23:15:00Z" finished-at="2018-04-03T23:15:00Z">
          <params>
            <param index="0">
              <value>
                <![CDATA[[TestResult name=testLogin status=SUCCESS method=TestDataDrivenScript2.testLogin(java.lang.String, java.lang.String, java.lang.String, java.lang.String, java.lang.String, java.lang.String)[pri:0, instance:com.SeleniumHybrid.TestDataDrivenScript2@19a3314] output={null}]]]>
              </value>
            </param>
          </params>
          <reporter-output>
          </reporter-output>
        </test-method> <!-- afterMethod -->
        <test-method status="PASS" signature="beforeMethod(java.lang.reflect.Method)[pri:0, instance:com.SeleniumHybrid.TestDataDrivenScript2@19a3314]" name="beforeMethod" is-config="true" duration-ms="0" started-at="2018-04-03T23:15:00Z" finished-at="2018-04-03T23:15:00Z">
          <params>
            <param index="0">
              <value>
                <![CDATA[public void com.SeleniumHybrid.TestDataDrivenScript2.testLogin(java.lang.String,java.lang.String,java.lang.String,java.lang.String,java.lang.String,java.lang.String)]]>
              </value>
            </param>
          </params>
          <reporter-output>
          </reporter-output>
        </test-method> <!-- beforeMethod -->
        <test-method status="PASS" signature="beforeMethod(java.lang.reflect.Method)[pri:0, instance:com.SeleniumHybrid.TestDataDrivenScript2@19a3314]" name="beforeMethod" is-config="true" duration-ms="1" started-at="2018-04-03T23:15:00Z" finished-at="2018-04-03T23:15:00Z">
          <params>
            <param index="0">
              <value>
                <![CDATA[public void com.SeleniumHybrid.TestDataDrivenScript2.testLogin(java.lang.String,java.lang.String,java.lang.String,java.lang.String,java.lang.String,java.lang.String)]]>
              </value>
            </param>
          </params>
          <reporter-output>
          </reporter-output>
        </test-method> <!-- beforeMethod -->
        <test-method status="PASS" signature="testLogin(java.lang.String, java.lang.String, java.lang.String, java.lang.String, java.lang.String, java.lang.String)[pri:0, instance:com.SeleniumHybrid.TestDataDrivenScript2@19a3314]" name="testLogin" duration-ms="0" started-at="2018-04-03T23:15:00Z" data-provider="testData" finished-at="2018-04-03T23:15:00Z">
          <params>
            <param index="0">
              <value>
                <![CDATA[A1]]>
              </value>
            </param>
            <param index="1">
              <value>
                <![CDATA[B1]]>
              </value>
            </param>
            <param index="2">
              <value>
                <![CDATA[C1]]>
              </value>
            </param>
            <param index="3">
              <value>
                <![CDATA[D1]]>
              </value>
            </param>
            <param index="4">
              <value>
                <![CDATA[E1]]>
              </value>
            </param>
            <param index="5">
              <value>
                <![CDATA[F1]]>
              </value>
            </param>
          </params>
          <reporter-output>
          </reporter-output>
        </test-method> <!-- testLogin -->
        <test-method status="PASS" signature="testLogin(java.lang.String, java.lang.String, java.lang.String, java.lang.String, java.lang.String, java.lang.String)[pri:0, instance:com.SeleniumHybrid.TestDataDrivenScript2@19a3314]" name="testLogin" duration-ms="0" started-at="2018-04-03T23:15:00Z" data-provider="testData" finished-at="2018-04-03T23:15:00Z">
          <params>
            <param index="0">
              <value>
                <![CDATA[A2]]>
              </value>
            </param>
            <param index="1">
              <value>
                <![CDATA[B2]]>
              </value>
            </param>
            <param index="2">
              <value>
                <![CDATA[C2]]>
              </value>
            </param>
            <param index="3">
              <value>
                <![CDATA[D2]]>
              </value>
            </param>
            <param index="4">
              <value>
                <![CDATA[E2]]>
              </value>
            </param>
            <param index="5">
              <value>
                <![CDATA[F2]]>
              </value>
            </param>
          </params>
          <reporter-output>
          </reporter-output>
        </test-method> <!-- testLogin -->
        <test-method status="PASS" signature="endTest()[pri:0, instance:com.SeleniumHybrid.TestDataDrivenScript2@19a3314]" name="endTest" is-config="true" duration-ms="262" started-at="2018-04-03T23:15:00Z" finished-at="2018-04-03T23:15:00Z">
          <reporter-output>
          </reporter-output>
        </test-method> <!-- endTest -->
        <test-method status="PASS" signature="afterMethod(org.testng.ITestResult)[pri:0, instance:com.SeleniumHybrid.TestDataDrivenScript2@19a3314]" name="afterMethod" is-config="true" duration-ms="0" started-at="2018-04-03T23:15:00Z" finished-at="2018-04-03T23:15:00Z">
          <params>
            <param index="0">
              <value>
                <![CDATA[[TestResult name=testLogin status=SUCCESS method=TestDataDrivenScript2.testLogin(java.lang.String, java.lang.String, java.lang.String, java.lang.String, java.lang.String, java.lang.String)[pri:0, instance:com.SeleniumHybrid.TestDataDrivenScript2@19a3314] output={null}]]]>
              </value>
            </param>
          </params>
          <reporter-output>
          </reporter-output>
        </test-method> <!-- afterMethod -->
      </class> <!-- com.SeleniumHybrid.TestDataDrivenScript2 -->
      <class name="com.SeleniumHybrid.TestDataDriverScript">
        <test-method status="PASS" signature="testLogin(java.lang.String, java.lang.String, java.lang.String)[pri:0, instance:com.SeleniumHybrid.TestDataDriverScript@19ad2e3]" name="testLogin" duration-ms="0" started-at="2018-04-03T23:15:00Z" data-provider="testData" finished-at="2018-04-03T23:15:00Z">
          <params>
            <param index="0">
              <value>
                <![CDATA[abhi@gmail.com]]>
              </value>
            </param>
            <param index="1">
              <value>
                <![CDATA[password]]>
              </value>
            </param>
            <param index="2">
              <value>
                <![CDATA[y]]>
              </value>
            </param>
          </params>
          <reporter-output>
          </reporter-output>
        </test-method> <!-- testLogin -->
        <test-method status="PASS" signature="afterMethod(org.testng.ITestResult)[pri:0, instance:com.SeleniumHybrid.TestDataDriverScript@19ad2e3]" name="afterMethod" is-config="true" duration-ms="0" started-at="2018-04-03T23:15:00Z" finished-at="2018-04-03T23:15:00Z">
          <params>
            <param index="0">
              <value>
                <![CDATA[[TestResult name=testLogin status=SUCCESS method=TestDataDriverScript.testLogin(java.lang.String, java.lang.String, java.lang.String)[pri:0, instance:com.SeleniumHybrid.TestDataDriverScript@19ad2e3] output={null}]]]>
              </value>
            </param>
          </params>
          <reporter-output>
          </reporter-output>
        </test-method> <!-- afterMethod -->
        <test-method status="PASS" signature="beforeMethod(java.lang.reflect.Method)[pri:0, instance:com.SeleniumHybrid.TestDataDriverScript@19ad2e3]" name="beforeMethod" is-config="true" duration-ms="0" started-at="2018-04-03T23:15:00Z" finished-at="2018-04-03T23:15:00Z">
          <params>
            <param index="0">
              <value>
                <![CDATA[public void com.SeleniumHybrid.TestDataDriverScript.testLogin(java.lang.String,java.lang.String,java.lang.String)]]>
              </value>
            </param>
          </params>
          <reporter-output>
          </reporter-output>
        </test-method> <!-- beforeMethod -->
        <test-method status="PASS" signature="testLogin(java.lang.String, java.lang.String, java.lang.String)[pri:0, instance:com.SeleniumHybrid.TestDataDriverScript@19ad2e3]" name="testLogin" duration-ms="0" started-at="2018-04-03T23:15:00Z" data-provider="testData" finished-at="2018-04-03T23:15:00Z">
          <params>
            <param index="0">
              <value>
                <![CDATA[abhi@gmail.com]]>
              </value>
            </param>
            <param index="1">
              <value>
                <![CDATA[password]]>
              </value>
            </param>
            <param index="2">
              <value>
                <![CDATA[n]]>
              </value>
            </param>
          </params>
          <reporter-output>
          </reporter-output>
        </test-method> <!-- testLogin -->
        <test-method status="PASS" signature="beforeMethod(java.lang.reflect.Method)[pri:0, instance:com.SeleniumHybrid.TestDataDriverScript@19ad2e3]" name="beforeMethod" is-config="true" duration-ms="0" started-at="2018-04-03T23:15:00Z" finished-at="2018-04-03T23:15:00Z">
          <params>
            <param index="0">
              <value>
                <![CDATA[public void com.SeleniumHybrid.TestDataDriverScript.testLogin(java.lang.String,java.lang.String,java.lang.String)]]>
              </value>
            </param>
          </params>
          <reporter-output>
          </reporter-output>
        </test-method> <!-- beforeMethod -->
        <test-method status="PASS" signature="afterMethod(org.testng.ITestResult)[pri:0, instance:com.SeleniumHybrid.TestDataDriverScript@19ad2e3]" name="afterMethod" is-config="true" duration-ms="1" started-at="2018-04-03T23:15:00Z" finished-at="2018-04-03T23:15:00Z">
          <params>
            <param index="0">
              <value>
                <![CDATA[[TestResult name=testLogin status=SUCCESS method=TestDataDriverScript.testLogin(java.lang.String, java.lang.String, java.lang.String)[pri:0, instance:com.SeleniumHybrid.TestDataDriverScript@19ad2e3] output={null}]]]>
              </value>
            </param>
          </params>
          <reporter-output>
          </reporter-output>
        </test-method> <!-- afterMethod -->
        <test-method status="PASS" signature="afterMethod(org.testng.ITestResult)[pri:0, instance:com.SeleniumHybrid.TestDataDriverScript@19ad2e3]" name="afterMethod" is-config="true" duration-ms="1" started-at="2018-04-03T23:15:00Z" finished-at="2018-04-03T23:15:00Z">
          <params>
            <param index="0">
              <value>
                <![CDATA[[TestResult name=testLogin status=SUCCESS method=TestDataDriverScript.testLogin(java.lang.String, java.lang.String, java.lang.String)[pri:0, instance:com.SeleniumHybrid.TestDataDriverScript@19ad2e3] output={null}]]]>
              </value>
            </param>
          </params>
          <reporter-output>
          </reporter-output>
        </test-method> <!-- afterMethod -->
        <test-method status="PASS" signature="beforeMethod(java.lang.reflect.Method)[pri:0, instance:com.SeleniumHybrid.TestDataDriverScript@19ad2e3]" name="beforeMethod" is-config="true" duration-ms="0" started-at="2018-04-03T23:15:00Z" finished-at="2018-04-03T23:15:00Z">
          <params>
            <param index="0">
              <value>
                <![CDATA[public void com.SeleniumHybrid.TestDataDriverScript.testLogin(java.lang.String,java.lang.String,java.lang.String)]]>
              </value>
            </param>
          </params>
          <reporter-output>
          </reporter-output>
        </test-method> <!-- beforeMethod -->
        <test-method status="PASS" signature="testLogin(java.lang.String, java.lang.String, java.lang.String)[pri:0, instance:com.SeleniumHybrid.TestDataDriverScript@19ad2e3]" name="testLogin" duration-ms="0" started-at="2018-04-03T23:15:00Z" data-provider="testData" finished-at="2018-04-03T23:15:00Z">
          <params>
            <param index="0">
              <value>
                <![CDATA[abhi@gmail.com]]>
              </value>
            </param>
            <param index="1">
              <value>
                <![CDATA[password]]>
              </value>
            </param>
            <param index="2">
              <value>
                <![CDATA[n]]>
              </value>
            </param>
          </params>
          <reporter-output>
          </reporter-output>
        </test-method> <!-- testLogin -->
        <test-method status="PASS" signature="afterMethod(org.testng.ITestResult)[pri:0, instance:com.SeleniumHybrid.TestDataDriverScript@19ad2e3]" name="afterMethod" is-config="true" duration-ms="0" started-at="2018-04-03T23:15:00Z" finished-at="2018-04-03T23:15:00Z">
          <params>
            <param index="0">
              <value>
                <![CDATA[[TestResult name=testLogin status=SUCCESS method=TestDataDriverScript.testLogin(java.lang.String, java.lang.String, java.lang.String)[pri:0, instance:com.SeleniumHybrid.TestDataDriverScript@19ad2e3] output={null}]]]>
              </value>
            </param>
          </params>
          <reporter-output>
          </reporter-output>
        </test-method> <!-- afterMethod -->
        <test-method status="PASS" signature="beforeMethod(java.lang.reflect.Method)[pri:0, instance:com.SeleniumHybrid.TestDataDriverScript@19ad2e3]" name="beforeMethod" is-config="true" duration-ms="0" started-at="2018-04-03T23:15:00Z" finished-at="2018-04-03T23:15:00Z">
          <params>
            <param index="0">
              <value>
                <![CDATA[public void com.SeleniumHybrid.TestDataDriverScript.testLogin(java.lang.String,java.lang.String,java.lang.String)]]>
              </value>
            </param>
          </params>
          <reporter-output>
          </reporter-output>
        </test-method> <!-- beforeMethod -->
        <test-method status="PASS" signature="testLogin(java.lang.String, java.lang.String, java.lang.String)[pri:0, instance:com.SeleniumHybrid.TestDataDriverScript@19ad2e3]" name="testLogin" duration-ms="0" started-at="2018-04-03T23:15:00Z" data-provider="testData" finished-at="2018-04-03T23:15:00Z">
          <params>
            <param index="0">
              <value>
                <![CDATA[abhi@gmail.com]]>
              </value>
            </param>
            <param index="1">
              <value>
                <![CDATA[password]]>
              </value>
            </param>
            <param index="2">
              <value>
                <![CDATA[y]]>
              </value>
            </param>
          </params>
          <reporter-output>
          </reporter-output>
        </test-method> <!-- testLogin -->
        <test-method status="PASS" signature="beforeMethod(java.lang.reflect.Method)[pri:0, instance:com.SeleniumHybrid.TestDataDriverScript@19ad2e3]" name="beforeMethod" is-config="true" duration-ms="0" started-at="2018-04-03T23:15:00Z" finished-at="2018-04-03T23:15:00Z">
          <params>
            <param index="0">
              <value>
                <![CDATA[public void com.SeleniumHybrid.TestDataDriverScript.testLogin(java.lang.String,java.lang.String,java.lang.String)]]>
              </value>
            </param>
          </params>
          <reporter-output>
          </reporter-output>
        </test-method> <!-- beforeMethod -->
        <test-method status="PASS" signature="testLogin(java.lang.String, java.lang.String, java.lang.String)[pri:0, instance:com.SeleniumHybrid.TestDataDriverScript@19ad2e3]" name="testLogin" duration-ms="0" started-at="2018-04-03T23:15:00Z" data-provider="testData" finished-at="2018-04-03T23:15:00Z">
          <params>
            <param index="0">
              <value>
                <![CDATA[abhi@gmail.com]]>
              </value>
            </param>
            <param index="1">
              <value>
                <![CDATA[password]]>
              </value>
            </param>
            <param index="2">
              <value>
                <![CDATA[y]]>
              </value>
            </param>
          </params>
          <reporter-output>
          </reporter-output>
        </test-method> <!-- testLogin -->
        <test-method status="PASS" signature="afterMethod(org.testng.ITestResult)[pri:0, instance:com.SeleniumHybrid.TestDataDriverScript@19ad2e3]" name="afterMethod" is-config="true" duration-ms="0" started-at="2018-04-03T23:15:00Z" finished-at="2018-04-03T23:15:00Z">
          <params>
            <param index="0">
              <value>
                <![CDATA[[TestResult name=testLogin status=SUCCESS method=TestDataDriverScript.testLogin(java.lang.String, java.lang.String, java.lang.String)[pri:0, instance:com.SeleniumHybrid.TestDataDriverScript@19ad2e3] output={null}]]]>
              </value>
            </param>
          </params>
          <reporter-output>
          </reporter-output>
        </test-method> <!-- afterMethod -->
        <test-method status="PASS" signature="beforeMethod(java.lang.reflect.Method)[pri:0, instance:com.SeleniumHybrid.TestDataDriverScript@19ad2e3]" name="beforeMethod" is-config="true" duration-ms="0" started-at="2018-04-03T23:15:00Z" finished-at="2018-04-03T23:15:00Z">
          <params>
            <param index="0">
              <value>
                <![CDATA[public void com.SeleniumHybrid.TestDataDriverScript.testLogin(java.lang.String,java.lang.String,java.lang.String)]]>
              </value>
            </param>
          </params>
          <reporter-output>
          </reporter-output>
        </test-method> <!-- beforeMethod -->
        <test-method status="PASS" signature="testLogin(java.lang.String, java.lang.String, java.lang.String)[pri:0, instance:com.SeleniumHybrid.TestDataDriverScript@19ad2e3]" name="testLogin" duration-ms="0" started-at="2018-04-03T23:15:00Z" data-provider="testData" finished-at="2018-04-03T23:15:00Z">
          <params>
            <param index="0">
              <value>
                <![CDATA[abhi@gmail.com]]>
              </value>
            </param>
            <param index="1">
              <value>
                <![CDATA[password]]>
              </value>
            </param>
            <param index="2">
              <value>
                <![CDATA[n]]>
              </value>
            </param>
          </params>
          <reporter-output>
          </reporter-output>
        </test-method> <!-- testLogin -->
        <test-method status="PASS" signature="endTest()[pri:0, instance:com.SeleniumHybrid.TestDataDriverScript@19ad2e3]" name="endTest" is-config="true" duration-ms="47" started-at="2018-04-03T23:15:00Z" finished-at="2018-04-03T23:15:00Z">
          <reporter-output>
          </reporter-output>
        </test-method> <!-- endTest -->
        <test-method status="PASS" signature="afterMethod(org.testng.ITestResult)[pri:0, instance:com.SeleniumHybrid.TestDataDriverScript@19ad2e3]" name="afterMethod" is-config="true" duration-ms="0" started-at="2018-04-03T23:15:00Z" finished-at="2018-04-03T23:15:00Z">
          <params>
            <param index="0">
              <value>
                <![CDATA[[TestResult name=testLogin status=SUCCESS method=TestDataDriverScript.testLogin(java.lang.String, java.lang.String, java.lang.String)[pri:0, instance:com.SeleniumHybrid.TestDataDriverScript@19ad2e3] output={null}]]]>
              </value>
            </param>
          </params>
          <reporter-output>
          </reporter-output>
        </test-method> <!-- afterMethod -->
        <test-method status="PASS" signature="SendEmail()[pri:0, instance:com.SeleniumHybrid.TestDataDriverScript@19ad2e3]" name="SendEmail" is-config="true" duration-ms="4366" started-at="2018-04-03T23:15:00Z" finished-at="2018-04-03T23:15:05Z">
          <reporter-output>
          </reporter-output>
        </test-method> <!-- SendEmail -->
      </class> <!-- com.SeleniumHybrid.TestDataDriverScript -->
    </test> <!-- Command line test -->
  </suite> <!-- Command line suite -->
</testng-results>
