<?xml version="1.0" encoding="UTF-8"?>
<testng-results skipped="0" failed="0" ignored="0" total="2" passed="2">
  <reporter-output>
  </reporter-output>
  <suite name="Default suite" duration-ms="158816" started-at="2019-03-01T14:05:34Z" finished-at="2019-03-01T14:08:13Z">
    <groups>
    </groups>
    <test name="Default test" duration-ms="158816" started-at="2019-03-01T14:05:34Z" finished-at="2019-03-01T14:08:13Z">
      <class name="Test.BrooksRun">
        <test-method status="PASS" signature="beforeMethod(java.lang.reflect.Method)[pri:0, instance:Test.BrooksRun@12cdcf4]" name="beforeMethod" is-config="true" duration-ms="15" started-at="2019-03-01T14:05:35Z" finished-at="2019-03-01T14:05:35Z">
          <params>
            <param index="0">
              <value>
                <![CDATA[public void Test.BrooksRun.AddToCart(java.lang.String,java.lang.String,java.lang.String,java.lang.String,java.lang.String,java.lang.String,java.lang.String,java.lang.String,java.lang.String,java.lang.String) throws java.lang.InterruptedException,java.io.IOException]]>
              </value>
            </param>
          </params>
          <reporter-output>
          </reporter-output>
        </test-method> <!-- beforeMethod -->
        <test-method status="PASS" signature="setUp()[pri:0, instance:Test.BrooksRun@12cdcf4]" name="setUp" is-config="true" duration-ms="26138" started-at="2019-03-01T14:05:35Z" finished-at="2019-03-01T14:06:01Z">
          <reporter-output>
          </reporter-output>
        </test-method> <!-- setUp -->
        <test-method status="PASS" signature="AddToCart(java.lang.String, java.lang.String, java.lang.String, java.lang.String, java.lang.String, java.lang.String, java.lang.String, java.lang.String, java.lang.String, java.lang.String)[pri:0, instance:Test.BrooksRun@12cdcf4]" name="AddToCart" duration-ms="97316" started-at="2019-03-01T14:06:01Z" data-provider="dataLoader" finished-at="2019-03-01T14:07:38Z">
          <params>
            <param index="0">
              <value>
                <![CDATA[pramodgowda125@gmail.com]]>
              </value>
            </param>
            <param index="1">
              <value>
                <![CDATA[pramod]]>
              </value>
            </param>
            <param index="2">
              <value>
                <![CDATA[test]]>
              </value>
            </param>
            <param index="3">
              <value>
                <![CDATA[testDemo]]>
              </value>
            </param>
            <param index="4">
              <value>
                <![CDATA[abcd]]>
              </value>
            </param>
            <param index="5">
              <value>
                <![CDATA[2nd cross]]>
              </value>
            </param>
            <param index="6">
              <value>
                <![CDATA[567834]]>
              </value>
            </param>
            <param index="7">
              <value>
                <![CDATA[zyzx]]>
              </value>
            </param>
            <param index="8">
              <value>
                <![CDATA[Alabama]]>
              </value>
            </param>
            <param index="9">
              <value>
                <![CDATA[2147483647]]>
              </value>
            </param>
          </params>
          <reporter-output>
          </reporter-output>
        </test-method> <!-- AddToCart -->
        <test-method status="PASS" signature="afterMethod(org.testng.ITestResult)[pri:0, instance:Test.BrooksRun@12cdcf4]" name="afterMethod" is-config="true" duration-ms="2" started-at="2019-03-01T14:07:38Z" finished-at="2019-03-01T14:07:38Z">
          <params>
            <param index="0">
              <value>
                <![CDATA[[TestResult name=AddToCart status=SUCCESS method=BrooksRun.AddToCart(java.lang.String, java.lang.String, java.lang.String, java.lang.String, java.lang.String, java.lang.String, java.lang.String, java.lang.String, java.lang.String, java.lang.String)[pri:0, instance:Test.BrooksRun@12cdcf4] output={null}]]]>
              </value>
            </param>
          </params>
          <reporter-output>
          </reporter-output>
        </test-method> <!-- afterMethod -->
        <test-method status="PASS" signature="kill()[pri:0, instance:Test.BrooksRun@12cdcf4]" name="kill" is-config="true" duration-ms="918" started-at="2019-03-01T14:07:38Z" finished-at="2019-03-01T14:07:39Z">
          <reporter-output>
          </reporter-output>
        </test-method> <!-- kill -->
        <test-method status="PASS" signature="beforeMethod(java.lang.reflect.Method)[pri:0, instance:Test.BrooksRun@12cdcf4]" name="beforeMethod" is-config="true" duration-ms="1" started-at="2019-03-01T14:07:39Z" finished-at="2019-03-01T14:07:39Z">
          <params>
            <param index="0">
              <value>
                <![CDATA[public void Test.BrooksRun.AddToCart(java.lang.String,java.lang.String,java.lang.String,java.lang.String,java.lang.String,java.lang.String,java.lang.String,java.lang.String,java.lang.String,java.lang.String) throws java.lang.InterruptedException,java.io.IOException]]>
              </value>
            </param>
          </params>
          <reporter-output>
          </reporter-output>
        </test-method> <!-- beforeMethod -->
        <test-method status="PASS" signature="setUp()[pri:0, instance:Test.BrooksRun@12cdcf4]" name="setUp" is-config="true" duration-ms="17942" started-at="2019-03-01T14:07:39Z" finished-at="2019-03-01T14:07:57Z">
          <reporter-output>
          </reporter-output>
        </test-method> <!-- setUp -->
        <test-method status="PASS" signature="AddToCart(java.lang.String, java.lang.String, java.lang.String, java.lang.String, java.lang.String, java.lang.String, java.lang.String, java.lang.String, java.lang.String, java.lang.String)[pri:0, instance:Test.BrooksRun@12cdcf4]" name="AddToCart" duration-ms="14693" started-at="2019-03-01T14:07:57Z" data-provider="dataLoader" finished-at="2019-03-01T14:08:12Z">
          <params>
            <param index="0">
              <value>
                <![CDATA[pramodgowda125@gmail.com]]>
              </value>
            </param>
            <param index="1">
              <value>
                <![CDATA[prmod123]]>
              </value>
            </param>
            <param index="2">
              <value>
                <![CDATA[test]]>
              </value>
            </param>
            <param index="3">
              <value>
                <![CDATA[testDemo]]>
              </value>
            </param>
            <param index="4">
              <value>
                <![CDATA[abcd]]>
              </value>
            </param>
            <param index="5">
              <value>
                <![CDATA[2nd cross]]>
              </value>
            </param>
            <param index="6">
              <value>
                <![CDATA[567834]]>
              </value>
            </param>
            <param index="7">
              <value>
                <![CDATA[zyzx]]>
              </value>
            </param>
            <param index="8">
              <value>
                <![CDATA[Alabama]]>
              </value>
            </param>
            <param index="9">
              <value>
                <![CDATA[2147483647]]>
              </value>
            </param>
          </params>
          <reporter-output>
          </reporter-output>
        </test-method> <!-- AddToCart -->
        <test-method status="PASS" signature="afterMethod(org.testng.ITestResult)[pri:0, instance:Test.BrooksRun@12cdcf4]" name="afterMethod" is-config="true" duration-ms="1" started-at="2019-03-01T14:08:12Z" finished-at="2019-03-01T14:08:12Z">
          <params>
            <param index="0">
              <value>
                <![CDATA[[TestResult name=AddToCart status=SUCCESS method=BrooksRun.AddToCart(java.lang.String, java.lang.String, java.lang.String, java.lang.String, java.lang.String, java.lang.String, java.lang.String, java.lang.String, java.lang.String, java.lang.String)[pri:0, instance:Test.BrooksRun@12cdcf4] output={null}]]]>
              </value>
            </param>
          </params>
          <reporter-output>
          </reporter-output>
        </test-method> <!-- afterMethod -->
        <test-method status="PASS" signature="kill()[pri:0, instance:Test.BrooksRun@12cdcf4]" name="kill" is-config="true" duration-ms="943" started-at="2019-03-01T14:08:12Z" finished-at="2019-03-01T14:08:12Z">
          <reporter-output>
          </reporter-output>
        </test-method> <!-- kill -->
        <test-method status="PASS" signature="endTest()[pri:0, instance:Test.BrooksRun@12cdcf4]" name="endTest" is-config="true" duration-ms="275" started-at="2019-03-01T14:08:12Z" finished-at="2019-03-01T14:08:13Z">
          <reporter-output>
          </reporter-output>
        </test-method> <!-- endTest -->
      </class> <!-- Test.BrooksRun -->
    </test> <!-- Default test -->
  </suite> <!-- Default suite -->
</testng-results>
