<?xml version="1.0" encoding="UTF-8"?>
<!-- Generated by org.testng.reporters.JUnitXMLReporter -->
<testsuite hostname="khushbu-PC" name="Command line test" tests="9" failures="0" timestamp="3 Apr 2018 17:45:00 GMT" time="1.02" errors="0">
  <testcase name="testLogin" time="0.001" classname="com.SeleniumHybrid.TestDataDrivenScript2"/>
  <testcase name="testLogin" time="0.0" classname="com.SeleniumHybrid.TestDataDrivenScript2"/>
  <testcase name="testLogin" time="0.0" classname="com.SeleniumHybrid.TestDataDrivenScript2"/>
  <testcase name="testLogin" time="0.0" classname="com.SeleniumHybrid.TestDataDriverScript"/>
  <testcase name="testLogin" time="0.0" classname="com.SeleniumHybrid.TestDataDriverScript"/>
  <testcase name="testLogin" time="0.0" classname="com.SeleniumHybrid.TestDataDriverScript"/>
  <testcase name="testLogin" time="0.0" classname="com.SeleniumHybrid.TestDataDriverScript"/>
  <testcase name="testLogin" time="0.0" classname="com.SeleniumHybrid.TestDataDriverScript"/>
  <testcase name="testLogin" time="0.0" classname="com.SeleniumHybrid.TestDataDriverScript"/>
</testsuite> <!-- Command line test -->
