<?xml version="1.0" encoding="UTF-8"?>
<testng-results skipped="0" failed="0" ignored="0" total="4" passed="4">
  <reporter-output>
  </reporter-output>
  <suite name="Default suite" duration-ms="703" started-at="2018-07-31T15:31:34Z" finished-at="2018-07-31T15:31:35Z">
    <groups>
    </groups>
    <test name="Default test" duration-ms="703" started-at="2018-07-31T15:31:34Z" finished-at="2018-07-31T15:31:35Z">
      <class name="com.ith.scripts.sample">
        <test-method status="PASS" signature="main(java.lang.String, java.lang.String, java.lang.String)[pri:0, instance:com.ith.scripts.sample@6093dd95]" name="main" duration-ms="10" started-at="2018-07-31T15:31:35Z" data-provider="sample" finished-at="2018-07-31T15:31:35Z">
          <params>
            <param index="0">
              <value is-null="true"/>
            </param>
            <param index="1">
              <value is-null="true"/>
            </param>
            <param index="2">
              <value is-null="true"/>
            </param>
          </params>
          <reporter-output>
          </reporter-output>
        </test-method> <!-- main -->
        <test-method status="PASS" signature="main(java.lang.String, java.lang.String, java.lang.String)[pri:0, instance:com.ith.scripts.sample@6093dd95]" name="main" duration-ms="4" started-at="2018-07-31T15:31:35Z" data-provider="sample" finished-at="2018-07-31T15:31:35Z">
          <params>
            <param index="0">
              <value is-null="true"/>
            </param>
            <param index="1">
              <value is-null="true"/>
            </param>
            <param index="2">
              <value is-null="true"/>
            </param>
          </params>
          <reporter-output>
          </reporter-output>
        </test-method> <!-- main -->
        <test-method status="PASS" signature="main(java.lang.String, java.lang.String, java.lang.String)[pri:0, instance:com.ith.scripts.sample@6093dd95]" name="main" duration-ms="3" started-at="2018-07-31T15:31:35Z" data-provider="sample" finished-at="2018-07-31T15:31:35Z">
          <params>
            <param index="0">
              <value>
                <![CDATA[xyz]]>
              </value>
            </param>
            <param index="1">
              <value>
                <![CDATA[kumar]]>
              </value>
            </param>
            <param index="2">
              <value>
                <![CDATA[344.0]]>
              </value>
            </param>
          </params>
          <reporter-output>
          </reporter-output>
        </test-method> <!-- main -->
        <test-method status="PASS" signature="main(java.lang.String, java.lang.String, java.lang.String)[pri:0, instance:com.ith.scripts.sample@6093dd95]" name="main" duration-ms="2" started-at="2018-07-31T15:31:35Z" data-provider="sample" finished-at="2018-07-31T15:31:35Z">
          <params>
            <param index="0">
              <value>
                <![CDATA[xyz23]]>
              </value>
            </param>
            <param index="1">
              <value>
                <![CDATA[kumar]]>
              </value>
            </param>
            <param index="2">
              <value>
                <![CDATA[344.0]]>
              </value>
            </param>
          </params>
          <reporter-output>
          </reporter-output>
        </test-method> <!-- main -->
      </class> <!-- com.ith.scripts.sample -->
    </test> <!-- Default test -->
  </suite> <!-- Default suite -->
</testng-results>
