<?xml version="1.0" encoding="UTF-8"?>
<!-- Generated by org.testng.reporters.JUnitXMLReporter -->
<testsuite hostname="khushbu-PC" name="Default test" tests="3" failures="0" timestamp="14 Jan 2018 13:06:32 GMT" time="0.818" errors="0">
  <testcase name="testLogin" time="0.005" classname="com.SeleniumHybrid.TestDataDrivenScript2"/>
  <testcase name="testLogin" time="0.001" classname="com.SeleniumHybrid.TestDataDrivenScript2"/>
  <testcase name="testLogin" time="0.001" classname="com.SeleniumHybrid.TestDataDrivenScript2"/>
</testsuite> <!-- Default test -->
