<?xml version="1.0" encoding="UTF-8"?>
<!-- Generated by org.testng.reporters.JUnitXMLReporter -->
<testsuite hostname="BLRUNNFWN29265" ignored="0" name="Default test" tests="4" failures="0" timestamp="31 Jul 2018 15:31:35 GMT" time="0.703" errors="0">
  <testcase name="main" time="0.01" classname="com.ith.scripts.sample"/>
  <testcase name="main" time="0.004" classname="com.ith.scripts.sample"/>
  <testcase name="main" time="0.003" classname="com.ith.scripts.sample"/>
  <testcase name="main" time="0.002" classname="com.ith.scripts.sample"/>
</testsuite> <!-- Default test -->
