<?xml version="1.0" encoding="UTF-8"?>
<!-- Generated by org.testng.reporters.JUnitXMLReporter -->
<testsuite hostname="khushbu-PC" name="Test" tests="9" failures="0" timestamp="3 Feb 2018 18:40:50 GMT" time="0.904" errors="0">
  <testcase name="testLogin" time="0.004" classname="com.SeleniumHybrid.TestDataDrivenScript2"/>
  <testcase name="testLogin" time="0.001" classname="com.SeleniumHybrid.TestDataDrivenScript2"/>
  <testcase name="testLogin" time="0.006" classname="com.SeleniumHybrid.TestDataDrivenScript2"/>
  <testcase name="testLogin" time="0.001" classname="com.SeleniumHybrid.TestDataDriverScript"/>
  <testcase name="testLogin" time="0.001" classname="com.SeleniumHybrid.TestDataDriverScript"/>
  <testcase name="testLogin" time="0.001" classname="com.SeleniumHybrid.TestDataDriverScript"/>
  <testcase name="testLogin" time="0.001" classname="com.SeleniumHybrid.TestDataDriverScript"/>
  <testcase name="testLogin" time="0.001" classname="com.SeleniumHybrid.TestDataDriverScript"/>
  <testcase name="testLogin" time="0.001" classname="com.SeleniumHybrid.TestDataDriverScript"/>
</testsuite> <!-- Test -->
