<?xml version="1.0" encoding="UTF-8"?>
<testng-results skipped="0" failed="0" ignored="0" total="1" passed="1">
  <reporter-output>
  </reporter-output>
  <suite name="Default suite" duration-ms="464064" started-at="2019-04-09T11:07:56Z" finished-at="2019-04-09T11:15:40Z">
    <groups>
    </groups>
    <test name="Default test" duration-ms="464064" started-at="2019-04-09T11:07:56Z" finished-at="2019-04-09T11:15:40Z">
      <class name="Test.agentnew">
        <test-method status="PASS" signature="initial()[pri:0, instance:Test.agentnew@31f924f5]" name="initial" is-config="true" duration-ms="4041" started-at="2019-04-09T11:07:52Z" finished-at="2019-04-09T11:07:56Z">
          <reporter-output>
          </reporter-output>
        </test-method> <!-- initial -->
        <test-method status="PASS" signature="beforeMethod(java.lang.reflect.Method)[pri:0, instance:Test.agentnew@31f924f5]" name="beforeMethod" is-config="true" duration-ms="5" started-at="2019-04-09T11:07:56Z" finished-at="2019-04-09T11:07:56Z">
          <params>
            <param index="0">
              <value>
                <![CDATA[void Test.agentnew.Book(java.lang.String,java.lang.String,java.lang.String,java.lang.String,java.lang.String,java.lang.String) throws java.awt.AWTException,java.lang.InterruptedException,org.apache.poi.openxml4j.exceptions.InvalidFormatException,java.io.IOException,java.text.ParseException]]>
              </value>
            </param>
          </params>
          <reporter-output>
          </reporter-output>
        </test-method> <!-- beforeMethod -->
        <test-method status="PASS" signature="launch()[pri:0, instance:Test.agentnew@31f924f5]" name="launch" is-config="true" duration-ms="47604" started-at="2019-04-09T11:07:56Z" finished-at="2019-04-09T11:08:44Z">
          <reporter-output>
          </reporter-output>
        </test-method> <!-- launch -->
        <test-method status="PASS" signature="Book(java.lang.String, java.lang.String, java.lang.String, java.lang.String, java.lang.String, java.lang.String)[pri:0, instance:Test.agentnew@31f924f5]" name="Book" duration-ms="413153" started-at="2019-04-09T11:08:44Z" data-provider="dataLoader" finished-at="2019-04-09T11:15:37Z">
          <params>
            <param index="0">
              <value>
                <![CDATA[One Way]]>
              </value>
            </param>
            <param index="1">
              <value>
                <![CDATA[Delhi (DEL)]]>
              </value>
            </param>
            <param index="2">
              <value>
                <![CDATA[Mumbai (BOM)]]>
              </value>
            </param>
            <param index="3">
              <value>
                <![CDATA[SG 169]]>
              </value>
            </param>
            <param index="4">
              <value>
                <![CDATA[<3500]]>
              </value>
            </param>
            <param index="5">
              <value>
                <![CDATA[3]]>
              </value>
            </param>
          </params>
          <reporter-output>
          </reporter-output>
        </test-method> <!-- Book -->
        <test-method status="PASS" signature="afterMethod(org.testng.ITestResult)[pri:0, instance:Test.agentnew@31f924f5]" name="afterMethod" is-config="true" duration-ms="0" started-at="2019-04-09T11:15:37Z" finished-at="2019-04-09T11:15:37Z">
          <params>
            <param index="0">
              <value>
                <![CDATA[[TestResult name=Book status=SUCCESS method=agentnew.Book(java.lang.String, java.lang.String, java.lang.String, java.lang.String, java.lang.String, java.lang.String)[pri:0, instance:Test.agentnew@31f924f5] output={null}]]]>
              </value>
            </param>
          </params>
          <reporter-output>
          </reporter-output>
        </test-method> <!-- afterMethod -->
        <test-method status="PASS" signature="teardow()[pri:0, instance:Test.agentnew@31f924f5]" name="teardow" is-config="true" duration-ms="2232" started-at="2019-04-09T11:15:37Z" finished-at="2019-04-09T11:15:39Z">
          <reporter-output>
          </reporter-output>
        </test-method> <!-- teardow -->
        <test-method status="PASS" signature="endTest()[pri:0, instance:Test.agentnew@31f924f5]" name="endTest" is-config="true" duration-ms="594" started-at="2019-04-09T11:15:39Z" finished-at="2019-04-09T11:15:40Z">
          <reporter-output>
          </reporter-output>
        </test-method> <!-- endTest -->
      </class> <!-- Test.agentnew -->
    </test> <!-- Default test -->
  </suite> <!-- Default suite -->
</testng-results>
